Using pre-set license
Built from '2020.3/release' branch; Version is '2020.3.7f1 (dd97f2c94397) revision 14522354'; Using compiler version '192528614'; Build Type 'Release'
OS: 'Windows 10 Home; OS build 19042.985; Version 2009; 64bit' Language: 'en' Physical Memory: 130992 MB
BatchMode: 1, IsHumanControllingUs: 0, StartBugReporterOnCrash: 0, Is64bit: 1, IsPro: 0

 COMMAND LINE ARGUMENTS:
C:\Program Files\Unity\Hub\Editor\2020.3.7f1\Editor\Unity.exe
-adb2
-batchMode
-noUpm
-name
AssetImportWorker0
-projectPath
D:/works/TextMeshProAnimationTimeline
-logFile
Logs/AssetImportWorker0.log
-srvPort
49842
Successfully changed project path to: D:/works/TextMeshProAnimationTimeline
D:/works/TextMeshProAnimationTimeline
Using Asset Import Pipeline V2.
Default GameObject BitMask: Defalt already registered

Default GameObject BitMask: Defalt already registered

Default GameObject BitMask: Defalt already registered

Default GameObject BitMask: Defalt already registered

Default GameObject BitMask: Defalt already registered

Default GameObject BitMask: Defalt already registered

Default GameObject BitMask: Defalt already registered

Refreshing native plugins compatible for Editor in 27.98 ms, found 0 plugins.
Preloading 0 native plugins for Editor in 0.00 ms.
Initialize engine version: 2020.3.7f1 (dd97f2c94397)
[Subsystems] Discovering subsystems at path C:/Program Files/Unity/Hub/Editor/2020.3.7f1/Editor/Data/Resources/UnitySubsystems
[Subsystems] Discovering subsystems at path D:/works/TextMeshProAnimationTimeline/Assets
GfxDevice: creating device client; threaded=0
Direct3D:
    Version:  Direct3D 11.0 [level 11.1]
    Renderer: NVIDIA GeForce RTX 2080 Ti (ID=0x1e07)
    Vendor:   
    VRAM:     11049 MB
    Driver:   27.21.14.6611
Initialize mono
Mono path[0] = 'C:/Program Files/Unity/Hub/Editor/2020.3.7f1/Editor/Data/Managed'
Mono path[1] = 'C:/Program Files/Unity/Hub/Editor/2020.3.7f1/Editor/Data/MonoBleedingEdge/lib/mono/unityjit'
Mono config path = 'C:/Program Files/Unity/Hub/Editor/2020.3.7f1/Editor/Data/MonoBleedingEdge/etc'
Using monoOptions --debugger-agent=transport=dt_socket,embedding=1,server=y,suspend=n,address=127.0.0.1:56304
Begin MonoManager ReloadAssembly
Registering precompiled unity dll's ...
Register platform support module: C:/Program Files/Unity/Hub/Editor/2020.3.7f1/Editor/Data/PlaybackEngines/WindowsStandaloneSupport/UnityEditor.WindowsStandalone.Extensions.dll
Registered in 0.001474 seconds.
Native extension for WindowsStandalone target not found
Refreshing native plugins compatible for Editor in 24.41 ms, found 0 plugins.
Preloading 0 native plugins for Editor in 0.00 ms.
Mono: successfully reloaded assembly
- Completed reload, in  0.762 seconds
Platform modules already initialized, skipping
Registering precompiled user dll's ...
Registered in 0.001162 seconds.
Begin MonoManager ReloadAssembly
Native extension for WindowsStandalone target not found
Refreshing native plugins compatible for Editor in 0.50 ms, found 0 plugins.
Preloading 0 native plugins for Editor in 0.00 ms.
Mono: successfully reloaded assembly
- Completed reload, in  0.644 seconds
Platform modules already initialized, skipping
========================================================================
Worker process is ready to serve import requests
Default GameObject BitMask: Defalt already registered

Default GameObject BitMask: Defalt already registered

Default GameObject BitMask: Defalt already registered

Default GameObject BitMask: Defalt already registered

Default GameObject BitMask: Defalt already registered

Default GameObject BitMask: Defalt already registered

Default GameObject BitMask: Defalt already registered

Launched and connected shader compiler UnityShaderCompiler.exe after 0.04 seconds
Refreshing native plugins compatible for Editor in 0.45 ms, found 0 plugins.
Preloading 0 native plugins for Editor in 0.00 ms.
Unloading 1707 Unused Serialized files (Serialized files now loaded: 0)
System memory in use before: 77.2 MB.
System memory in use after: 77.3 MB.

Unloading 49 unused Assets to reduce memory usage. Loaded Objects now: 2125.
Total: 3.731200 ms (FindLiveObjects: 0.124000 ms CreateObjectMapping: 0.040300 ms MarkObjects: 3.515900 ms  DeleteObjects: 0.050400 ms)

========================================================================
Received Import Request.
  path: Assets/TextAnimationTimeline/Scenes/SampleScene2.unity
  artifactKey: Guid(7056269b28b53c94c84c8f3b8a37b697) Importer(815301076,1909f56bfc062723c751e8b465ee728b)
Start importing Assets/TextAnimationTimeline/Scenes/SampleScene2.unity using Guid(7056269b28b53c94c84c8f3b8a37b697) Importer(815301076,1909f56bfc062723c751e8b465ee728b)  -> (artifact id: '7bf44656728207176c30c7cd8b272bb2') in 0.013292 seconds
  Import took 0.015334 seconds .

========================================================================
Received Import Request.
  Time since last request: 4.486725 seconds.
  path: Assets/TextAnimationTimeline/Scenes/SampleScene4.unity
  artifactKey: Guid(9fc0d4010bbf28b4594072e72b8655ab) Importer(815301076,1909f56bfc062723c751e8b465ee728b)
Start importing Assets/TextAnimationTimeline/Scenes/SampleScene4.unity using Guid(9fc0d4010bbf28b4594072e72b8655ab) Importer(815301076,1909f56bfc062723c751e8b465ee728b)  -> (artifact id: '5fcd54eb6db4e8a9e970c8c2607bd83b') in 0.007133 seconds
  Import took 0.009175 seconds .

========================================================================
Received Import Request.
  Time since last request: 13.298156 seconds.
  path: Assets/TextAnimationTimeline/Scenes/SampleScene.unity
  artifactKey: Guid(9fc0d4010bbf28b4594072e72b8655ab) Importer(815301076,1909f56bfc062723c751e8b465ee728b)
Start importing Assets/TextAnimationTimeline/Scenes/SampleScene.unity using Guid(9fc0d4010bbf28b4594072e72b8655ab) Importer(815301076,1909f56bfc062723c751e8b465ee728b)  -> (artifact id: '8f5b3fabbdda1ed176da65a717a5f0f1') in 0.007596 seconds
  Import took 0.009742 seconds .

========================================================================
Received Import Request.
  Time since last request: 0.000870 seconds.
  path: Assets/TextAnimationTimeline/Scenes/SampleScene.unity
  artifactKey: Guid(9fc0d4010bbf28b4594072e72b8655ab) Importer(815301076,1909f56bfc062723c751e8b465ee728b)
Start importing Assets/TextAnimationTimeline/Scenes/SampleScene.unity using Guid(9fc0d4010bbf28b4594072e72b8655ab) Importer(815301076,1909f56bfc062723c751e8b465ee728b)  -> (artifact id: '8f5b3fabbdda1ed176da65a717a5f0f1') in 0.001371 seconds
  Import took 0.003160 seconds .

========================================================================
Received Prepare
Default GameObject BitMask: Defalt already registered

Default GameObject BitMask: Defalt already registered

Default GameObject BitMask: Defalt already registered

Default GameObject BitMask: Defalt already registered

Default GameObject BitMask: Defalt already registered

Default GameObject BitMask: Defalt already registered

Default GameObject BitMask: Defalt already registered

Registering precompiled user dll's ...
Registered in 0.000955 seconds.
Begin MonoManager ReloadAssembly
Native extension for WindowsStandalone target not found
Refreshing native plugins compatible for Editor in 0.50 ms, found 0 plugins.
Preloading 0 native plugins for Editor in 0.00 ms.
Mono: successfully reloaded assembly
- Completed reload, in  0.592 seconds
Platform modules already initialized, skipping
Refreshing native plugins compatible for Editor in 0.49 ms, found 0 plugins.
Preloading 0 native plugins for Editor in 0.00 ms.
Unloading 1677 Unused Serialized files (Serialized files now loaded: 0)
System memory in use before: 75.0 MB.
System memory in use after: 75.1 MB.

Unloading 40 unused Assets to reduce memory usage. Loaded Objects now: 2128.
Total: 3.654600 ms (FindLiveObjects: 0.137800 ms CreateObjectMapping: 0.032800 ms MarkObjects: 3.465900 ms  DeleteObjects: 0.017300 ms)

========================================================================
Received Import Request.
  Time since last request: 24.878046 seconds.
  path: Assets/Resources/BillingMode.json
  artifactKey: Guid(1659829e2e782d743be91100cb5ade22) Importer(815301076,1909f56bfc062723c751e8b465ee728b)
Start importing Assets/Resources/BillingMode.json using Guid(1659829e2e782d743be91100cb5ade22) Importer(815301076,1909f56bfc062723c751e8b465ee728b)  -> (artifact id: 'eb57be980d3df0a4e47390b38fe48164') in 0.028621 seconds
  Import took 0.030728 seconds .

========================================================================
Received Import Request.
  Time since last request: 2.213395 seconds.
  path: Assets/Resources/TextPrefab
  artifactKey: Guid(d42f37d776334714bba631c57d0af3bf) Importer(815301076,1909f56bfc062723c751e8b465ee728b)
Start importing Assets/Resources/TextPrefab using Guid(d42f37d776334714bba631c57d0af3bf) Importer(815301076,1909f56bfc062723c751e8b465ee728b)  -> (artifact id: '823b9bca2bd31da3211159be1e46c823') in 0.007158 seconds
  Import took 0.009536 seconds .

========================================================================
Received Import Request.
  Time since last request: 3.627369 seconds.
  path: Assets/Resources/Textures
  artifactKey: Guid(2fbae0345a578654bae8508fdda43558) Importer(815301076,1909f56bfc062723c751e8b465ee728b)
Start importing Assets/Resources/Textures using Guid(2fbae0345a578654bae8508fdda43558) Importer(815301076,1909f56bfc062723c751e8b465ee728b)  -> (artifact id: '55c27185276f097e9bfae4c1ab5779bd') in 0.006777 seconds
  Import took 0.009292 seconds .

========================================================================
Received Import Request.
  Time since last request: 25.062428 seconds.
  path: Assets/Plugins
  artifactKey: Guid(7876f37ec1b61cf4f8c4c24fdfe78117) Importer(815301076,1909f56bfc062723c751e8b465ee728b)
Start importing Assets/Plugins using Guid(7876f37ec1b61cf4f8c4c24fdfe78117) Importer(815301076,1909f56bfc062723c751e8b465ee728b)  -> (artifact id: 'ec5c5ce1df5a311cd1df92112a45d7f9') in 0.007315 seconds
  Import took 0.009517 seconds .

========================================================================
Received Import Request.
  Time since last request: 5.226597 seconds.
  path: Assets/Resources/Materials
  artifactKey: Guid(4c4984a6e29333442b8a1b4114610e92) Importer(815301076,1909f56bfc062723c751e8b465ee728b)
Start importing Assets/Resources/Materials using Guid(4c4984a6e29333442b8a1b4114610e92) Importer(815301076,1909f56bfc062723c751e8b465ee728b)  -> (artifact id: '01dba44f4e2ecf77986adfd2809ca918') in 0.006965 seconds
  Import took 0.009114 seconds .

========================================================================
Received Import Request.
  Time since last request: 16.975890 seconds.
  path: Assets/TextMesh Pro/Fonts
  artifactKey: Guid(6ab70aee4d56447429c680537fbf93ed) Importer(815301076,1909f56bfc062723c751e8b465ee728b)
Start importing Assets/TextMesh Pro/Fonts using Guid(6ab70aee4d56447429c680537fbf93ed) Importer(815301076,1909f56bfc062723c751e8b465ee728b)  -> (artifact id: '6a387d357f8c7c7d744a02e07474bbf1') in 0.007125 seconds
  Import took 0.009305 seconds .

========================================================================
Received Import Request.
  Time since last request: 2.686361 seconds.
  path: Assets/TextMesh Pro/Resources
  artifactKey: Guid(243e06394e614e5d99fab26083b707fa) Importer(815301076,1909f56bfc062723c751e8b465ee728b)
Start importing Assets/TextMesh Pro/Resources using Guid(243e06394e614e5d99fab26083b707fa) Importer(815301076,1909f56bfc062723c751e8b465ee728b)  -> (artifact id: '761cfc911be47bba2d675dea50ed5412') in 0.007329 seconds
  Import took 0.009487 seconds .

========================================================================
Received Import Request.
  Time since last request: 20.131416 seconds.
  path: Assets/TextAnimationTimeline/TextAnimationTimeline.asmref
  artifactKey: Guid(b4e65290d8d9703468d6e2736dcf3b9c) Importer(815301076,1909f56bfc062723c751e8b465ee728b)
Start importing Assets/TextAnimationTimeline/TextAnimationTimeline.asmref using Guid(b4e65290d8d9703468d6e2736dcf3b9c) Importer(815301076,1909f56bfc062723c751e8b465ee728b)  -> (artifact id: '79e3aa0e03bfc6a4ddf06252ab03deae') in 0.011468 seconds
  Import took 0.014122 seconds .

========================================================================
Received Import Request.
  Time since last request: 0.004437 seconds.
  path: Assets/TextAnimationTimeline/TextAnimationTimeline.asmref
  artifactKey: Guid(b4e65290d8d9703468d6e2736dcf3b9c) Importer(815301076,1909f56bfc062723c751e8b465ee728b)
Start importing Assets/TextAnimationTimeline/TextAnimationTimeline.asmref using Guid(b4e65290d8d9703468d6e2736dcf3b9c) Importer(815301076,1909f56bfc062723c751e8b465ee728b)  -> (artifact id: '79e3aa0e03bfc6a4ddf06252ab03deae') in 0.001264 seconds
  Import took 0.004260 seconds .

========================================================================
Received Prepare
Default GameObject BitMask: Defalt already registered

Default GameObject BitMask: Defalt already registered

Default GameObject BitMask: Defalt already registered

Default GameObject BitMask: Defalt already registered

Default GameObject BitMask: Defalt already registered

Default GameObject BitMask: Defalt already registered

Default GameObject BitMask: Defalt already registered

Registering precompiled user dll's ...
Registered in 0.000987 seconds.
Begin MonoManager ReloadAssembly
Native extension for WindowsStandalone target not found
Refreshing native plugins compatible for Editor in 0.49 ms, found 0 plugins.
Preloading 0 native plugins for Editor in 0.00 ms.
Mono: successfully reloaded assembly
- Completed reload, in  0.657 seconds
Platform modules already initialized, skipping
Refreshing native plugins compatible for Editor in 0.49 ms, found 0 plugins.
Preloading 0 native plugins for Editor in 0.00 ms.
Unloading 1677 Unused Serialized files (Serialized files now loaded: 0)
System memory in use before: 75.0 MB.
System memory in use after: 75.1 MB.

Unloading 40 unused Assets to reduce memory usage. Loaded Objects now: 2131.
Total: 3.803800 ms (FindLiveObjects: 0.165000 ms CreateObjectMapping: 0.054000 ms MarkObjects: 3.569300 ms  DeleteObjects: 0.014700 ms)

========================================================================
Received Prepare
Default GameObject BitMask: Defalt already registered

Default GameObject BitMask: Defalt already registered

Default GameObject BitMask: Defalt already registered

Default GameObject BitMask: Defalt already registered

Default GameObject BitMask: Defalt already registered

Default GameObject BitMask: Defalt already registered

Default GameObject BitMask: Defalt already registered

Registering precompiled user dll's ...
Registered in 0.000976 seconds.
Begin MonoManager ReloadAssembly
Native extension for WindowsStandalone target not found
Refreshing native plugins compatible for Editor in 0.49 ms, found 0 plugins.
Preloading 0 native plugins for Editor in 0.00 ms.
Mono: successfully reloaded assembly
- Completed reload, in  0.589 seconds
Platform modules already initialized, skipping
Refreshing native plugins compatible for Editor in 0.48 ms, found 0 plugins.
Preloading 0 native plugins for Editor in 0.00 ms.
Unloading 1677 Unused Serialized files (Serialized files now loaded: 0)
System memory in use before: 75.1 MB.
System memory in use after: 75.2 MB.

Unloading 40 unused Assets to reduce memory usage. Loaded Objects now: 2134.
Total: 3.925600 ms (FindLiveObjects: 0.137000 ms CreateObjectMapping: 0.044700 ms MarkObjects: 3.723900 ms  DeleteObjects: 0.019400 ms)

========================================================================
Received Import Request.
  Time since last request: 20.072525 seconds.
  path: Assets/TextAnimationTimeline/TextAnimationTimeline.asmdef
  artifactKey: Guid(c1fc313f89df07743a32fbb35c8d0f37) Importer(815301076,1909f56bfc062723c751e8b465ee728b)
Start importing Assets/TextAnimationTimeline/TextAnimationTimeline.asmdef using Guid(c1fc313f89df07743a32fbb35c8d0f37) Importer(815301076,1909f56bfc062723c751e8b465ee728b)  -> (artifact id: '7be761b9a9cf06ef4bb99432f642e65a') in 0.010667 seconds
  Import took 0.012949 seconds .

========================================================================
Received Import Request.
  Time since last request: 0.022082 seconds.
  path: Assets/TextAnimationTimeline/TextAnimationTimeline.asmdef
  artifactKey: Guid(c1fc313f89df07743a32fbb35c8d0f37) Importer(815301076,1909f56bfc062723c751e8b465ee728b)
Start importing Assets/TextAnimationTimeline/TextAnimationTimeline.asmdef using Guid(c1fc313f89df07743a32fbb35c8d0f37) Importer(815301076,1909f56bfc062723c751e8b465ee728b)  -> (artifact id: '7be761b9a9cf06ef4bb99432f642e65a') in 0.003402 seconds
  Import took 0.006033 seconds .

========================================================================
Received Import Request.
  Time since last request: 12.939094 seconds.
  path: Assets/TextAnimationTimeline/TextAnimationManager.prefab
  artifactKey: Guid(027230b211a44694f8a890a260d01773) Importer(815301076,1909f56bfc062723c751e8b465ee728b)
Start importing Assets/TextAnimationTimeline/TextAnimationManager.prefab using Guid(027230b211a44694f8a890a260d01773) Importer(815301076,1909f56bfc062723c751e8b465ee728b)  -> (artifact id: '19c8fbe8d9b2581bba1563eddef94e54') in 0.895006 seconds
  Import took 0.899730 seconds .

========================================================================
Received Import Request.
  Time since last request: 14.917967 seconds.
  path: Assets/TextAnimationTimeline/TextAnimationTimeline.asmdef
  artifactKey: Guid(c1fc313f89df07743a32fbb35c8d0f37) Importer(815301076,1909f56bfc062723c751e8b465ee728b)
Start importing Assets/TextAnimationTimeline/TextAnimationTimeline.asmdef using Guid(c1fc313f89df07743a32fbb35c8d0f37) Importer(815301076,1909f56bfc062723c751e8b465ee728b)  -> (artifact id: 'a5c81091ba7250c93cebffb92dfc0e9e') in 0.007884 seconds
  Import took 0.013526 seconds .

========================================================================
Received Import Request.
  Time since last request: 21.146290 seconds.
  path: Assets/TextAnimationTimeline/TextAnimationTimeline.asmdef
  artifactKey: Guid(c1fc313f89df07743a32fbb35c8d0f37) Importer(815301076,1909f56bfc062723c751e8b465ee728b)
Start importing Assets/TextAnimationTimeline/TextAnimationTimeline.asmdef using Guid(c1fc313f89df07743a32fbb35c8d0f37) Importer(815301076,1909f56bfc062723c751e8b465ee728b)  -> (artifact id: 'da3beeb791df6317e5d951405d07670c') in 0.010002 seconds
  Import took 0.013225 seconds .

========================================================================
Received Import Request.
  Time since last request: 12.664506 seconds.
  path: Assets/TextAnimationTimeline/TextAnimationTimeline.asmdef
  artifactKey: Guid(c1fc313f89df07743a32fbb35c8d0f37) Importer(815301076,1909f56bfc062723c751e8b465ee728b)
Start importing Assets/TextAnimationTimeline/TextAnimationTimeline.asmdef using Guid(c1fc313f89df07743a32fbb35c8d0f37) Importer(815301076,1909f56bfc062723c751e8b465ee728b)  -> (artifact id: 'b66f604f57a561a8eac6f5ca85061020') in 0.003734 seconds
  Import took 0.007083 seconds .

========================================================================
Received Prepare
Default GameObject BitMask: Defalt already registered

Default GameObject BitMask: Defalt already registered

Default GameObject BitMask: Defalt already registered

Default GameObject BitMask: Defalt already registered

Default GameObject BitMask: Defalt already registered

Default GameObject BitMask: Defalt already registered

Default GameObject BitMask: Defalt already registered

Registering precompiled user dll's ...
Registered in 0.001328 seconds.
Begin MonoManager ReloadAssembly
Native extension for WindowsStandalone target not found
Refreshing native plugins compatible for Editor in 0.48 ms, found 0 plugins.
Preloading 0 native plugins for Editor in 0.00 ms.
Mono: successfully reloaded assembly
- Completed reload, in  0.625 seconds
Platform modules already initialized, skipping
Refreshing native plugins compatible for Editor in 0.47 ms, found 0 plugins.
Preloading 0 native plugins for Editor in 0.00 ms.
Unloading 1677 Unused Serialized files (Serialized files now loaded: 0)
System memory in use before: 75.1 MB.
System memory in use after: 75.2 MB.

Unloading 40 unused Assets to reduce memory usage. Loaded Objects now: 2137.
Total: 3.648600 ms (FindLiveObjects: 0.160900 ms CreateObjectMapping: 0.046800 ms MarkObjects: 3.425400 ms  DeleteObjects: 0.014700 ms)

========================================================================
Received Import Request.
  Time since last request: 949.575599 seconds.
  path: Assets/TextAnimationTimeline/package.json
  artifactKey: Guid(547b7e637362dd6408475bee9665d429) Importer(815301076,1909f56bfc062723c751e8b465ee728b)
Start importing Assets/TextAnimationTimeline/package.json using Guid(547b7e637362dd6408475bee9665d429) Importer(815301076,1909f56bfc062723c751e8b465ee728b)  -> (artifact id: '78383d920afcd1fdca37173078d30c4e') in 0.015488 seconds
  Import took 0.017895 seconds .

